<?xml version="1.0" encoding="UTF-8"?>
<!-- Generated by org.testng.reporters.JUnitXMLReporter -->
<testsuite ignored="0" hostname="DESKTOP-U16V6V7" failures="0" tests="3" name="Default test" time="0.044" errors="0" timestamp="18 Aug 2019 15:18:03 GMT">
  <testcase classname="PractisePackage.TestngPractiseTwo" name="fun1" time="0.01"/>
  <testcase classname="PractisePackage.TestngPractiseTwo" name="fun2" time="0.001"/>
  <testcase classname="PractisePackage.TestngPractiseTwo" name="fun3" time="0.002"/>
</testsuite> <!-- Default test -->
