<?xml version="1.0" encoding="UTF-8"?>
<!-- Generated by org.testng.reporters.JUnitXMLReporter -->
<testsuite ignored="4" hostname="DESKTOP-U16V6V7" failures="0" tests="1" name="Test" time="0.104" errors="0" timestamp="20 Aug 2019 00:23:31 GMT">
  <testcase classname="PractisePackage.TestngPractiseTwo" name="fun22" time="0.013"/>
  <testcase classname="PractisePackage.TestngPractise" name="fun2" time="0.0">
    <ignored/>
  </testcase> <!-- fun2 -->
  <testcase classname="PractisePackage.TestngPractise" name="fun1" time="0.0">
    <ignored/>
  </testcase> <!-- fun1 -->
  <testcase classname="PractisePackage.TestngPractiseTwo" name="fun33" time="0.0">
    <ignored/>
  </testcase> <!-- fun33 -->
  <testcase classname="PractisePackage.TestngPractiseTwo" name="fun12" time="0.0">
    <ignored/>
  </testcase> <!-- fun12 -->
</testsuite> <!-- Test -->
