<?xml version="1.0" encoding="UTF-8"?>
<!-- Generated by org.testng.reporters.JUnitXMLReporter -->
<testsuite ignored="2" hostname="DESKTOP-U16V6V7" failures="0" tests="3" name="Test" time="0.061" errors="0" timestamp="23 Aug 2019 17:09:44 GMT">
  <testcase classname="PractisePackage.TestngPractiseTwo" name="fun12" time="0.004"/>
  <testcase classname="PractisePackage.TestngPractiseTwo" name="fun22" time="0.0"/>
  <testcase classname="PractisePackage.TestngPractiseTwo" name="fun33" time="0.0"/>
  <testcase classname="PractisePackage.TestngPractise" name="fun2" time="0.0">
    <ignored/>
  </testcase> <!-- fun2 -->
  <testcase classname="PractisePackage.TestngPractise" name="fun1" time="0.0">
    <ignored/>
  </testcase> <!-- fun1 -->
</testsuite> <!-- Test -->
