<?xml version="1.0" encoding="UTF-8"?>
<testng-results ignored="2" total="5" passed="3" failed="0" skipped="0">
  <reporter-output>
  </reporter-output>
  <suite started-at="2019-08-23T17:09:44Z" name="Suite" finished-at="2019-08-23T17:09:44Z" duration-ms="61">
    <groups>
    </groups>
    <test started-at="2019-08-23T17:09:44Z" name="Test" finished-at="2019-08-23T17:09:44Z" duration-ms="61">
      <class name="PractisePackage.TestngPractiseTwo">
        <test-method is-config="true" signature="beforeMethod()[pri:0, instance:PractisePackage.TestngPractiseTwo@6f03482]" started-at="2019-08-23T17:09:44Z" name="beforeMethod" finished-at="2019-08-23T17:09:44Z" duration-ms="18" status="PASS">
          <reporter-output>
          </reporter-output>
        </test-method> <!-- beforeMethod -->
        <test-method signature="fun12()[pri:1, instance:PractisePackage.TestngPractiseTwo@6f03482]" started-at="2019-08-23T17:09:44Z" name="fun12" finished-at="2019-08-23T17:09:44Z" duration-ms="4" status="PASS">
          <reporter-output>
          </reporter-output>
        </test-method> <!-- fun12 -->
        <test-method signature="fun22()[pri:2, instance:PractisePackage.TestngPractiseTwo@6f03482]" started-at="2019-08-23T17:09:44Z" name="fun22" finished-at="2019-08-23T17:09:44Z" duration-ms="0" status="PASS">
          <reporter-output>
          </reporter-output>
        </test-method> <!-- fun22 -->
        <test-method signature="fun33()[pri:3, instance:PractisePackage.TestngPractiseTwo@6f03482]" started-at="2019-08-23T17:09:44Z" name="fun33" finished-at="2019-08-23T17:09:44Z" duration-ms="0" status="PASS">
          <reporter-output>
          </reporter-output>
        </test-method> <!-- fun33 -->
        <test-method is-config="true" signature="afterMethod()[pri:0, instance:PractisePackage.TestngPractiseTwo@6f03482]" started-at="2019-08-23T17:09:44Z" name="afterMethod" finished-at="2019-08-23T17:09:44Z" duration-ms="1" status="PASS">
          <reporter-output>
          </reporter-output>
        </test-method> <!-- afterMethod -->
      </class> <!-- PractisePackage.TestngPractiseTwo -->
    </test> <!-- Test -->
  </suite> <!-- Suite -->
</testng-results>
